# JRE version: Java(TM) SE Runtime Environment (8.0_45-b15) (build 1.8.0_45-b15)
# Java VM: Java HotSpot(TM) 64-Bit Server VM (25.45-b02 mixed mode windows-amd64 compressed oops)
Heap:
 PSYoungGen      total 236544K, used 135647K [0x00000000d5c00000, 0x00000000e6c00000, 0x0000000100000000)
  eden space 229888K, 56% used [0x00000000d5c00000,0x00000000dda52d40,0x00000000e3c80000)
  from space 6656K, 94% used [0x00000000e6580000,0x00000000e6ba4f30,0x00000000e6c00000)
  to   space 9216K, 0% used [0x00000000e5a00000,0x00000000e5a00000,0x00000000e6300000)
 ParOldGen       total 51712K, used 8582K [0x0000000081400000, 0x0000000084680000, 0x00000000d5c00000)
  object space 51712K, 16% used [0x0000000081400000,0x0000000081c619d0,0x0000000084680000)
 Metaspace       used 31733K, capacity 32158K, committed 32640K, reserved 1077248K
  class space    used 3974K, capacity 4117K, committed 4224K, reserved 1048576K
GC Heap History (10 events):
Event: 4.776 GC heap before
{Heap before GC invocations=5 (full 0):
 PSYoungGen      total 71680K, used 71104K [0x00000000d5c00000, 0x00000000da700000, 0x0000000100000000)
  eden space 66560K, 100% used [0x00000000d5c00000,0x00000000d9d00000,0x00000000d9d00000)
  from space 5120K, 88% used [0x00000000da200000,0x00000000da670000,0x00000000da700000)
  to   space 5120K, 0% used [0x00000000d9d00000,0x00000000d9d00000,0x00000000da200000)
 ParOldGen       total 87552K, used 16K [0x0000000081400000, 0x0000000086980000, 0x00000000d5c00000)
  object space 87552K, 0% used [0x0000000081400000,0x0000000081404000,0x0000000086980000)
 Metaspace       used 15130K, capacity 15420K, committed 15616K, reserved 1062912K
  class space    used 1919K, capacity 2016K, committed 2048K, reserved 1048576K
Event: 4.812 GC heap after
Heap after GC invocations=5 (full 0):
 PSYoungGen      total 71680K, used 5115K [0x00000000d5c00000, 0x00000000deb00000, 0x0000000100000000)
  eden space 66560K, 0% used [0x00000000d5c00000,0x00000000d5c00000,0x00000000d9d00000)
  from space 5120K, 99% used [0x00000000d9d00000,0x00000000da1fef50,0x00000000da200000)
  to   space 6656K, 0% used [0x00000000de480000,0x00000000de480000,0x00000000deb00000)
 ParOldGen       total 87552K, used 1608K [0x0000000081400000, 0x0000000086980000, 0x00000000d5c00000)
  object space 87552K, 1% used [0x0000000081400000,0x00000000815922b8,0x0000000086980000)
 Metaspace       used 15130K, capacity 15420K, committed 15616K, reserved 1062912K
  class space    used 1919K, capacity 2016K, committed 2048K, reserved 1048576K
}
Event: 5.459 GC heap before
{Heap before GC invocations=6 (full 0):
 PSYoungGen      total 71680K, used 71675K [0x00000000d5c00000, 0x00000000deb00000, 0x0000000100000000)
  eden space 66560K, 100% used [0x00000000d5c00000,0x00000000d9d00000,0x00000000d9d00000)
  from space 5120K, 99% used [0x00000000d9d00000,0x00000000da1fef50,0x00000000da200000)
  to   space 6656K, 0% used [0x00000000de480000,0x00000000de480000,0x00000000deb00000)
 ParOldGen       total 87552K, used 1608K [0x0000000081400000, 0x0000000086980000, 0x00000000d5c00000)
  object space 87552K, 1% used [0x0000000081400000,0x00000000815922b8,0x0000000086980000)
 Metaspace       used 17534K, capacity 17900K, committed 18176K, reserved 1064960K
  class space    used 2287K, capacity 2442K, committed 2560K, reserved 1048576K
Event: 5.520 GC heap after
Heap after GC invocations=6 (full 0):
 PSYoungGen      total 138240K, used 6652K [0x00000000d5c00000, 0x00000000dee00000, 0x0000000100000000)
  eden space 131584K, 0% used [0x00000000d5c00000,0x00000000d5c00000,0x00000000ddc80000)
  from space 6656K, 99% used [0x00000000de480000,0x00000000deaff1e8,0x00000000deb00000)
  to   space 8192K, 0% used [0x00000000ddc80000,0x00000000ddc80000,0x00000000de480000)
 ParOldGen       total 87552K, used 2480K [0x0000000081400000, 0x0000000086980000, 0x00000000d5c00000)
  object space 87552K, 2% used [0x0000000081400000,0x000000008166c118,0x0000000086980000)
 Metaspace       used 17534K, capacity 17900K, committed 18176K, reserved 1064960K
  class space    used 2287K, capacity 2442K, committed 2560K, reserved 1048576K
}
Event: 6.258 GC heap before
{Heap before GC invocations=7 (full 0):
 PSYoungGen      total 138240K, used 78863K [0x00000000d5c00000, 0x00000000dee00000, 0x0000000100000000)
  eden space 131584K, 54% used [0x00000000d5c00000,0x00000000da284b98,0x00000000ddc80000)
  from space 6656K, 99% used [0x00000000de480000,0x00000000deaff1e8,0x00000000deb00000)
  to   space 8192K, 0% used [0x00000000ddc80000,0x00000000ddc80000,0x00000000de480000)
 ParOldGen       total 87552K, used 2480K [0x0000000081400000, 0x0000000086980000, 0x00000000d5c00000)
  object space 87552K, 2% used [0x0000000081400000,0x000000008166c118,0x0000000086980000)
 Metaspace       used 20624K, capacity 21006K, committed 21296K, reserved 1067008K
  class space    used 2719K, capacity 2859K, committed 2944K, reserved 1048576K
Event: 6.451 GC heap after
Heap after GC invocations=7 (full 0):
 PSYoungGen      total 139776K, used 6883K [0x00000000d5c00000, 0x00000000e6e00000, 0x0000000100000000)
  eden space 131584K, 0% used [0x00000000d5c00000,0x00000000d5c00000,0x00000000ddc80000)
  from space 8192K, 84% used [0x00000000ddc80000,0x00000000de338c00,0x00000000de480000)
  to   space 8704K, 0% used [0x00000000e6580000,0x00000000e6580000,0x00000000e6e00000)
 ParOldGen       total 87552K, used 4369K [0x0000000081400000, 0x0000000086980000, 0x00000000d5c00000)
  object space 87552K, 4% used [0x0000000081400000,0x0000000081844590,0x0000000086980000)
 Metaspace       used 20624K, capacity 21006K, committed 21296K, reserved 1067008K
  class space    used 2719K, capacity 2859K, committed 2944K, reserved 1048576K
}
Event: 6.451 GC heap before
{Heap before GC invocations=8 (full 1):
 PSYoungGen      total 139776K, used 6883K [0x00000000d5c00000, 0x00000000e6e00000, 0x0000000100000000)
  eden space 131584K, 0% used [0x00000000d5c00000,0x00000000d5c00000,0x00000000ddc80000)
  from space 8192K, 84% used [0x00000000ddc80000,0x00000000de338c00,0x00000000de480000)
  to   space 8704K, 0% used [0x00000000e6580000,0x00000000e6580000,0x00000000e6e00000)
 ParOldGen       total 87552K, used 4369K [0x0000000081400000, 0x0000000086980000, 0x00000000d5c00000)
  object space 87552K, 4% used [0x0000000081400000,0x0000000081844590,0x0000000086980000)
 Metaspace       used 20624K, capacity 21006K, committed 21296K, reserved 1067008K
  class space    used 2719K, capacity 2859K, committed 2944K, reserved 1048576K
Event: 6.597 GC heap after
Heap after GC invocations=8 (full 1):
 PSYoungGen      total 139776K, used 0K [0x00000000d5c00000, 0x00000000e6e00000, 0x0000000100000000)
  eden space 131584K, 0% used [0x00000000d5c00000,0x00000000d5c00000,0x00000000ddc80000)
  from space 8192K, 0% used [0x00000000ddc80000,0x00000000ddc80000,0x00000000de480000)
  to   space 8704K, 0% used [0x00000000e6580000,0x00000000e6580000,0x00000000e6e00000)
 ParOldGen       total 51712K, used 8582K [0x0000000081400000, 0x0000000084680000, 0x00000000d5c00000)
  object space 51712K, 16% used [0x0000000081400000,0x0000000081c619d0,0x0000000084680000)
 Metaspace       used 20624K, capacity 21006K, committed 21296K, reserved 1067008K
  class space    used 2719K, capacity 2859K, committed 2944K, reserved 1048576K
}
Event: 7.726 GC heap before
{Heap before GC invocations=9 (full 1):
 PSYoungGen      total 139776K, used 131584K [0x00000000d5c00000, 0x00000000e6e00000, 0x0000000100000000)
  eden space 131584K, 100% used [0x00000000d5c00000,0x00000000ddc80000,0x00000000ddc80000)
  from space 8192K, 0% used [0x00000000ddc80000,0x00000000ddc80000,0x00000000de480000)
  to   space 8704K, 0% used [0x00000000e6580000,0x00000000e6580000,0x00000000e6e00000)
 ParOldGen       total 51712K, used 8582K [0x0000000081400000, 0x0000000084680000, 0x00000000d5c00000)
  object space 51712K, 16% used [0x0000000081400000,0x0000000081c619d0,0x0000000084680000)
 Metaspace       used 27534K, capacity 27930K, committed 28288K, reserved 1073152K
  class space    used 3503K, capacity 3629K, committed 3712K, reserved 1048576K
Event: 7.759 GC heap after
Heap after GC invocations=9 (full 1):
 PSYoungGen      total 236544K, used 6291K [0x00000000d5c00000, 0x00000000e6c00000, 0x0000000100000000)
  eden space 229888K, 0% used [0x00000000d5c00000,0x00000000d5c00000,0x00000000e3c80000)
  from space 6656K, 94% used [0x00000000e6580000,0x00000000e6ba4f30,0x00000000e6c00000)
  to   space 9216K, 0% used [0x00000000e5a00000,0x00000000e5a00000,0x00000000e6300000)
 ParOldGen       total 51712K, used 8582K [0x0000000081400000, 0x0000000084680000, 0x00000000d5c00000)
  object space 51712K, 16% used [0x0000000081400000,0x0000000081c619d0,0x0000000084680000)
 Metaspace       used 27534K, capacity 27930K, committed 28288K, reserved 1073152K
  class space    used 3503K, capacity 3629K, committed 3712K, reserved 1048576K
}

